Build started 10/28/2014 3:44:09 PM.
     1>Project "E:\AIE\Retro Game\AIE Template.vcxproj" on node 2 (Build target(s)).
     1>ClCompile:
         C:\Program Files (x86)\Microsoft Visual Studio 12.0\VC\bin\CL.exe /c /I./ /I./include/ /ZI /nologo /W3 /WX- /Od /Oy- /D WIN32 /D _DEBUG /D _WINDOWS /D _MBCS /Gm /EHsc /RTC1 /MDd /GS /fp:precise /Zc:wchar_t /Zc:forScope /Fo"obj\\" /Fd"obj\vc120.pdb" /Gd /TP /analyze- /errorReport:prompt source\main.cpp
         main.cpp
     1>e:\aie\retro game\source\main.cpp(87): warning C4244: 'argument' : conversion from 'time_t' to 'unsigned int', possible loss of data
     1>e:\aie\retro game\source\main.cpp(132): warning C4244: 'argument' : conversion from 'float' to 'int', possible loss of data
     1>e:\aie\retro game\source\main.cpp(134): warning C4244: 'argument' : conversion from 'float' to 'int', possible loss of data
     1>e:\aie\retro game\source\main.cpp(134): warning C4996: 'itoa': The POSIX name for this item is deprecated. Instead, use the ISO C++ conformant name: _itoa. See online help for details.
                 c:\program files (x86)\microsoft visual studio 12.0\vc\include\stdlib.h(937) : see declaration of 'itoa'
     1>e:\aie\retro game\source\main.cpp(135): warning C4244: 'argument' : conversion from 'float' to 'int', possible loss of data
     1>e:\aie\retro game\source\main.cpp(191): warning C4244: 'argument' : conversion from 'float' to 'int', possible loss of data
     1>e:\aie\retro game\source\main.cpp(192): warning C4244: 'argument' : conversion from 'float' to 'int', possible loss of data
     1>e:\aie\retro game\source\main.cpp(193): warning C4244: 'argument' : conversion from 'float' to 'int', possible loss of data
     1>e:\aie\retro game\source\main.cpp(194): warning C4244: 'argument' : conversion from 'float' to 'int', possible loss of data
     1>e:\aie\retro game\source\main.cpp(212): warning C4244: 'argument' : conversion from 'float' to 'int', possible loss of data
     1>e:\aie\retro game\source\main.cpp(216): warning C4244: 'argument' : conversion from 'float' to 'int', possible loss of data
     1>e:\aie\retro game\source\main.cpp(217): warning C4244: 'argument' : conversion from 'float' to 'int', possible loss of data
     1>e:\aie\retro game\source\main.cpp(218): warning C4244: 'argument' : conversion from 'float' to 'int', possible loss of data
     1>e:\aie\retro game\source\main.cpp(219): warning C4244: 'argument' : conversion from 'float' to 'int', possible loss of data
     1>e:\aie\retro game\source\main.cpp(220): warning C4244: 'argument' : conversion from 'float' to 'int', possible loss of data
     1>e:\aie\retro game\source\main.cpp(221): warning C4244: 'argument' : conversion from 'float' to 'int', possible loss of data
     1>e:\aie\retro game\source\main.cpp(240): warning C4244: 'argument' : conversion from 'float' to 'int', possible loss of data
     1>e:\aie\retro game\source\main.cpp(241): warning C4244: 'argument' : conversion from 'float' to 'int', possible loss of data
     1>e:\aie\retro game\source\main.cpp(241): warning C4996: 'itoa': The POSIX name for this item is deprecated. Instead, use the ISO C++ conformant name: _itoa. See online help for details.
                 c:\program files (x86)\microsoft visual studio 12.0\vc\include\stdlib.h(937) : see declaration of 'itoa'
     1>e:\aie\retro game\source\main.cpp(242): warning C4244: 'argument' : conversion from 'float' to 'int', possible loss of data
     1>e:\aie\retro game\source\main.cpp(243): warning C4244: 'argument' : conversion from 'float' to 'int', possible loss of data
     1>e:\aie\retro game\source\main.cpp(304): warning C4018: '<' : signed/unsigned mismatch
     1>e:\aie\retro game\source\main.cpp(329): warning C4018: '<' : signed/unsigned mismatch
     1>e:\aie\retro game\source\main.cpp(337): warning C4018: '<' : signed/unsigned mismatch
     1>e:\aie\retro game\source\main.cpp(349): warning C4018: '<' : signed/unsigned mismatch
     1>e:\aie\retro game\source\main.cpp(351): warning C4018: '<' : signed/unsigned mismatch
       Link:
         C:\Program Files (x86)\Microsoft Visual Studio 12.0\VC\bin\link.exe /ERRORREPORT:PROMPT /OUT:"bin\Retro Game_d.exe" /INCREMENTAL /NOLOGO /LIBPATH:./libs AIE_1st_Year_Framework_d.lib kernel32.lib kernel32.lib user32.lib gdi32.lib winspool.lib comdlg32.lib advapi32.lib shell32.lib ole32.lib oleaut32.lib uuid.lib odbc32.lib odbccp32.lib /MANIFEST /MANIFESTUAC:"level='asInvoker' uiAccess='false'" /manifest:embed /DEBUG /PDB:"bin\Retro Game_d.pdb" /TLBID:1 /DYNAMICBASE /NXCOMPAT /IMPLIB:"bin\Retro Game_d.lib" /MACHINE:X86 obj\Bullets.obj
         obj\Enemies.obj
         obj\Player.obj
         obj\main.obj
         AIE_1st_Year_Framework_d.lib(SOIL.obj) : MSIL .netmodule or module compiled with /GL found; restarting link with /LTCG; add /LTCG to the link command line to improve linker performance
     1>LINK : warning LNK4075: ignoring '/INCREMENTAL' due to '/LTCG' specification
     1>Bullets.obj : warning LNK4075: ignoring '/EDITANDCONTINUE' due to '/OPT:LBR' specification
     1>LINK : warning LNK4098: defaultlib 'LIBCMT' conflicts with use of other libs; use /NODEFAULTLIB:library
     1>LINK : warning LNK4098: defaultlib 'MSVCRT' conflicts with use of other libs; use /NODEFAULTLIB:library
         Generating code
         Finished generating code
     1>AIE_1st_Year_Framework_d.lib(SOIL.obj) : warning LNK4099: PDB 'vc110.pdb' was not found with 'AIE_1st_Year_Framework_d.lib(SOIL.obj)' or at 'E:\AIE\Retro Game\bin\vc110.pdb'; linking object as if no debug info
     1>AIE_1st_Year_Framework_d.lib(stb_image_aug.obj) : warning LNK4099: PDB 'vc110.pdb' was not found with 'AIE_1st_Year_Framework_d.lib(stb_image_aug.obj)' or at 'E:\AIE\Retro Game\bin\vc110.pdb'; linking object as if no debug info
     1>AIE_1st_Year_Framework_d.lib(image_helper.obj) : warning LNK4099: PDB 'vc110.pdb' was not found with 'AIE_1st_Year_Framework_d.lib(image_helper.obj)' or at 'E:\AIE\Retro Game\bin\vc110.pdb'; linking object as if no debug info
     1>AIE_1st_Year_Framework_d.lib(image_DXT.obj) : warning LNK4099: PDB 'vc110.pdb' was not found with 'AIE_1st_Year_Framework_d.lib(image_DXT.obj)' or at 'E:\AIE\Retro Game\bin\vc110.pdb'; linking object as if no debug info
     1>AIE_1st_Year_Framework_d.lib(tinystr.obj) : warning LNK4099: PDB 'vc120.pdb' was not found with 'AIE_1st_Year_Framework_d.lib(tinystr.obj)' or at 'E:\AIE\Retro Game\bin\vc120.pdb'; linking object as if no debug info
     1>AIE_1st_Year_Framework_d.lib(tinyxml.obj) : warning LNK4099: PDB 'vc120.pdb' was not found with 'AIE_1st_Year_Framework_d.lib(tinyxml.obj)' or at 'E:\AIE\Retro Game\bin\vc120.pdb'; linking object as if no debug info
     1>AIE_1st_Year_Framework_d.lib(tinyxmlerror.obj) : warning LNK4099: PDB 'vc120.pdb' was not found with 'AIE_1st_Year_Framework_d.lib(tinyxmlerror.obj)' or at 'E:\AIE\Retro Game\bin\vc120.pdb'; linking object as if no debug info
     1>AIE_1st_Year_Framework_d.lib(tinyxmlHelper.obj) : warning LNK4099: PDB 'vc120.pdb' was not found with 'AIE_1st_Year_Framework_d.lib(tinyxmlHelper.obj)' or at 'E:\AIE\Retro Game\bin\vc120.pdb'; linking object as if no debug info
     1>AIE_1st_Year_Framework_d.lib(tinyxmlparser.obj) : warning LNK4099: PDB 'vc120.pdb' was not found with 'AIE_1st_Year_Framework_d.lib(tinyxmlparser.obj)' or at 'E:\AIE\Retro Game\bin\vc120.pdb'; linking object as if no debug info
     1>AIE_1st_Year_Framework_d.lib(AIE.obj) : warning LNK4099: PDB 'vc120.pdb' was not found with 'AIE_1st_Year_Framework_d.lib(AIE.obj)' or at 'E:\AIE\Retro Game\bin\vc120.pdb'; linking object as if no debug info
     1>AIE_1st_Year_Framework_d.lib(AIE_Framework.obj) : warning LNK4099: PDB 'vc120.pdb' was not found with 'AIE_1st_Year_Framework_d.lib(AIE_Framework.obj)' or at 'E:\AIE\Retro Game\bin\vc120.pdb'; linking object as if no debug info
     1>AIE_1st_Year_Framework_d.lib(BasicSprite.obj) : warning LNK4099: PDB 'vc120.pdb' was not found with 'AIE_1st_Year_Framework_d.lib(BasicSprite.obj)' or at 'E:\AIE\Retro Game\bin\vc120.pdb'; linking object as if no debug info
     1>AIE_1st_Year_Framework_d.lib(Font.obj) : warning LNK4099: PDB 'vc120.pdb' was not found with 'AIE_1st_Year_Framework_d.lib(Font.obj)' or at 'E:\AIE\Retro Game\bin\vc120.pdb'; linking object as if no debug info
     1>AIE_1st_Year_Framework_d.lib(FontManager.obj) : warning LNK4099: PDB 'vc120.pdb' was not found with 'AIE_1st_Year_Framework_d.lib(FontManager.obj)' or at 'E:\AIE\Retro Game\bin\vc120.pdb'; linking object as if no debug info
     1>AIE_1st_Year_Framework_d.lib(Gizmos.obj) : warning LNK4099: PDB 'vc120.pdb' was not found with 'AIE_1st_Year_Framework_d.lib(Gizmos.obj)' or at 'E:\AIE\Retro Game\bin\vc120.pdb'; linking object as if no debug info
     1>AIE_1st_Year_Framework_d.lib(SpriteManager.obj) : warning LNK4099: PDB 'vc120.pdb' was not found with 'AIE_1st_Year_Framework_d.lib(SpriteManager.obj)' or at 'E:\AIE\Retro Game\bin\vc120.pdb'; linking object as if no debug info
     1>AIE_1st_Year_Framework_d.lib(strHandler.obj) : warning LNK4099: PDB 'vc120.pdb' was not found with 'AIE_1st_Year_Framework_d.lib(strHandler.obj)' or at 'E:\AIE\Retro Game\bin\vc120.pdb'; linking object as if no debug info
     1>AIE_1st_Year_Framework_d.lib(Texture.obj) : warning LNK4099: PDB 'vc120.pdb' was not found with 'AIE_1st_Year_Framework_d.lib(Texture.obj)' or at 'E:\AIE\Retro Game\bin\vc120.pdb'; linking object as if no debug info
     1>AIE_1st_Year_Framework_d.lib(TextureManager.obj) : warning LNK4099: PDB 'vc120.pdb' was not found with 'AIE_1st_Year_Framework_d.lib(TextureManager.obj)' or at 'E:\AIE\Retro Game\bin\vc120.pdb'; linking object as if no debug info
     1>AIE_1st_Year_Framework_d.lib(Utilities.obj) : warning LNK4099: PDB 'vc120.pdb' was not found with 'AIE_1st_Year_Framework_d.lib(Utilities.obj)' or at 'E:\AIE\Retro Game\bin\vc120.pdb'; linking object as if no debug info
     1>AIE_1st_Year_Framework_d.lib(glew.obj) : warning LNK4099: PDB 'vc100.pdb' was not found with 'AIE_1st_Year_Framework_d.lib(glew.obj)' or at 'E:\AIE\Retro Game\bin\vc100.pdb'; linking object as if no debug info
         AIE Template.vcxproj -> E:\AIE\Retro Game\bin\Retro Game_d.exe
     1>Done Building Project "E:\AIE\Retro Game\AIE Template.vcxproj" (Build target(s)).

Build succeeded.

Time Elapsed 00:00:20.30
